Wed Nov 19 15:51:55 UTC 2025 - Actualización automática
Wed Nov 19 18:14:15 UTC 2025 - Actualización automática
Thu Nov 20 03:07:07 UTC 2025 - Actualización automática
Thu Nov 20 14:15:50 UTC 2025 - Actualización automática
Thu Nov 20 18:14:08 UTC 2025 - Actualización automática
Fri Nov 21 03:07:54 UTC 2025 - Actualización automática
Fri Nov 21 14:15:26 UTC 2025 - Actualización automática
Fri Nov 21 18:14:05 UTC 2025 - Actualización automática
Sat Nov 22 03:01:17 UTC 2025 - Actualización automática
Sat Nov 22 14:12:50 UTC 2025 - Actualización automática
Sat Nov 22 18:12:18 UTC 2025 - Actualización automática
Sun Nov 23 03:24:26 UTC 2025 - Actualización automática
Sun Nov 23 14:12:53 UTC 2025 - Actualización automática
Sun Nov 23 18:12:31 UTC 2025 - Actualización automática
Mon Nov 24 03:21:01 UTC 2025 - Actualización automática
Mon Nov 24 14:16:06 UTC 2025 - Actualización automática
Mon Nov 24 18:15:00 UTC 2025 - Actualización automática
Tue Nov 25 03:11:57 UTC 2025 - Actualización automática
Tue Nov 25 14:16:16 UTC 2025 - Actualización automática
Tue Nov 25 18:15:09 UTC 2025 - Actualización automática
Wed Nov 26 03:12:07 UTC 2025 - Actualización automática
Wed Nov 26 14:16:39 UTC 2025 - Actualización automática
Wed Nov 26 18:12:25 UTC 2025 - Actualización automática
Thu Nov 27 03:08:40 UTC 2025 - Actualización automática
Thu Nov 27 14:15:45 UTC 2025 - Actualización automática
Thu Nov 27 18:13:27 UTC 2025 - Actualización automática
Fri Nov 28 03:08:20 UTC 2025 - Actualización automática
Fri Nov 28 14:15:42 UTC 2025 - Actualización automática
